----------

Fri Nov 01 2024 13:24:42 GMT+0100 (Mitteleuropäische Normalzeit)

warning: in the working copy of 'assets/bootstrap/css/bootstrap.min.css', LF will be replaced by CRLF the next time Git touches it


----------

Fri Nov 01 2024 13:24:42 GMT+0100 (Mitteleuropäische Normalzeit)

warning: in the working copy of 'assets/bootstrap/js/bootstrap.min.js', LF will be replaced by CRLF the next time Git touches it


----------

Fri Nov 01 2024 13:24:42 GMT+0100 (Mitteleuropäische Normalzeit)

warning: in the working copy of 'assets/css/Animated-Type-Heading-BS5.css', LF will be replaced by CRLF the next time Git touches it


----------

Fri Nov 01 2024 13:24:42 GMT+0100 (Mitteleuropäische Normalzeit)

warning: in the working copy of 'assets/css/Animated-gradient-background-Animated-gradient-background-1.css', LF will be replaced by CRLF the next time Git touches it


----------

Fri Nov 01 2024 13:24:42 GMT+0100 (Mitteleuropäische Normalzeit)

warning: in the working copy of 'assets/css/Animated-gradient-background-Animated-gradient-background-2.css', LF will be replaced by CRLF the next time Git touches it


----------

Fri Nov 01 2024 13:24:42 GMT+0100 (Mitteleuropäische Normalzeit)

warning: in the working copy of 'assets/css/Animated-gradient-background.css', LF will be replaced by CRLF the next time Git touches it


----------

Fri Nov 01 2024 13:24:42 GMT+0100 (Mitteleuropäische Normalzeit)

warning: in the working copy of 'assets/css/Animated-rainbow-shadow.css', LF will be replaced by CRLF the next time Git touches it


----------

Fri Nov 01 2024 13:24:42 GMT+0100 (Mitteleuropäische Normalzeit)

warning: in the working copy of 'assets/css/Wave-Flow-Animation-1.css', LF will be replaced by CRLF the next time Git touches it


----------

Fri Nov 01 2024 13:24:42 GMT+0100 (Mitteleuropäische Normalzeit)

warning: in the working copy of 'assets/css/Wave-Flow-Animation-2.css', LF will be replaced by CRLF the next time Git touches it


----------

Fri Nov 01 2024 13:24:42 GMT+0100 (Mitteleuropäische Normalzeit)

warning: in the working copy of 'assets/css/Wave-Flow-Animation.css', LF will be replaced by CRLF the next time Git touches it


----------

Fri Nov 01 2024 13:24:42 GMT+0100 (Mitteleuropäische Normalzeit)

warning: in the working copy of 'assets/js/Animated-Type-Heading-BS5-Animated-Type-Heading.js', LF will be replaced by CRLF the next time Git touches it


----------

Fri Nov 01 2024 13:24:42 GMT+0100 (Mitteleuropäische Normalzeit)

warning: in the working copy of 'assets/js/Animated-gradient-background.js', LF will be replaced by CRLF the next time Git touches it


----------

Fri Nov 01 2024 13:24:42 GMT+0100 (Mitteleuropäische Normalzeit)

warning: in the working copy of 'assets/js/bs-init.js', LF will be replaced by CRLF the next time Git touches it


----------

Fri Nov 01 2024 13:24:42 GMT+0100 (Mitteleuropäische Normalzeit)

warning: in the working copy of 'index.html', LF will be replaced by CRLF the next time Git touches it


----------

Fri Nov 01 2024 13:24:44 GMT+0100 (Mitteleuropäische Normalzeit)

To https://github.com/dennymity/sock
   6e45079..e3cc594  main -> main


----------

Fri Nov 01 2024 13:28:05 GMT+0100 (Mitteleuropäische Normalzeit)

warning: in the working copy of 'assets/bootstrap/css/bootstrap.min.css', LF will be replaced by CRLF the next time Git touches it


----------

Fri Nov 01 2024 13:28:05 GMT+0100 (Mitteleuropäische Normalzeit)

warning: in the working copy of 'assets/bootstrap/js/bootstrap.min.js', LF will be replaced by CRLF the next time Git touches it


----------

Fri Nov 01 2024 13:28:05 GMT+0100 (Mitteleuropäische Normalzeit)

warning: in the working copy of 'assets/css/Animated-Type-Heading-BS5.css', LF will be replaced by CRLF the next time Git touches it


----------

Fri Nov 01 2024 13:28:05 GMT+0100 (Mitteleuropäische Normalzeit)

warning: in the working copy of 'assets/css/Animated-gradient-background-Animated-gradient-background-1.css', LF will be replaced by CRLF the next time Git touches it


----------

Fri Nov 01 2024 13:28:05 GMT+0100 (Mitteleuropäische Normalzeit)

warning: in the working copy of 'assets/css/Animated-gradient-background-Animated-gradient-background-2.css', LF will be replaced by CRLF the next time Git touches it


----------

Fri Nov 01 2024 13:28:05 GMT+0100 (Mitteleuropäische Normalzeit)

warning: in the working copy of 'assets/css/Animated-gradient-background.css', LF will be replaced by CRLF the next time Git touches it
warning: in the working copy of 'assets/css/Animated-rainbow-shadow.css', LF will be replaced by CRLF the next time Git touches it


----------

Fri Nov 01 2024 13:28:05 GMT+0100 (Mitteleuropäische Normalzeit)

warning: in the working copy of 'assets/css/Wave-Flow-Animation-1.css', LF will be replaced by CRLF the next time Git touches it


----------

Fri Nov 01 2024 13:28:05 GMT+0100 (Mitteleuropäische Normalzeit)

warning: in the working copy of 'assets/css/Wave-Flow-Animation-2.css', LF will be replaced by CRLF the next time Git touches it


----------

Fri Nov 01 2024 13:28:05 GMT+0100 (Mitteleuropäische Normalzeit)

warning: in the working copy of 'assets/css/Wave-Flow-Animation.css', LF will be replaced by CRLF the next time Git touches it


----------

Fri Nov 01 2024 13:28:05 GMT+0100 (Mitteleuropäische Normalzeit)

warning: in the working copy of 'assets/js/Animated-Type-Heading-BS5-Animated-Type-Heading.js', LF will be replaced by CRLF the next time Git touches it


----------

Fri Nov 01 2024 13:28:05 GMT+0100 (Mitteleuropäische Normalzeit)

warning: in the working copy of 'assets/js/Animated-gradient-background.js', LF will be replaced by CRLF the next time Git touches it


----------

Fri Nov 01 2024 13:28:05 GMT+0100 (Mitteleuropäische Normalzeit)

warning: in the working copy of 'assets/js/bs-init.js', LF will be replaced by CRLF the next time Git touches it


----------

Fri Nov 01 2024 13:28:05 GMT+0100 (Mitteleuropäische Normalzeit)

warning: in the working copy of 'index.html', LF will be replaced by CRLF the next time Git touches it


----------

Fri Nov 01 2024 13:28:05 GMT+0100 (Mitteleuropäische Normalzeit)

warning: in the working copy of 'error.log', LF will be replaced by CRLF the next time Git touches it


----------

Fri Nov 01 2024 13:28:07 GMT+0100 (Mitteleuropäische Normalzeit)

To https://github.com/dennymity/sock
   e3cc594..2cd2c4c  main -> main


----------

Sun Nov 03 2024 22:27:43 GMT+0100 (Mitteleuropäische Normalzeit)

warning: in the working copy of 'assets/bootstrap/css/bootstrap.min.css', LF will be replaced by CRLF the next time Git touches it


----------

Sun Nov 03 2024 22:27:43 GMT+0100 (Mitteleuropäische Normalzeit)

warning: in the working copy of 'assets/bootstrap/js/bootstrap.min.js', LF will be replaced by CRLF the next time Git touches it


----------

Sun Nov 03 2024 22:27:43 GMT+0100 (Mitteleuropäische Normalzeit)

warning: in the working copy of 'assets/css/Animated-Type-Heading-BS5.css', LF will be replaced by CRLF the next time Git touches it


----------

Sun Nov 03 2024 22:27:43 GMT+0100 (Mitteleuropäische Normalzeit)

warning: in the working copy of 'assets/css/Animated-gradient-background-Animated-gradient-background-1.css', LF will be replaced by CRLF the next time Git touches it


----------

Sun Nov 03 2024 22:27:43 GMT+0100 (Mitteleuropäische Normalzeit)

warning: in the working copy of 'assets/css/Animated-gradient-background-Animated-gradient-background-2.css', LF will be replaced by CRLF the next time Git touches it


----------

Sun Nov 03 2024 22:27:43 GMT+0100 (Mitteleuropäische Normalzeit)

warning: in the working copy of 'assets/css/Animated-gradient-background.css', LF will be replaced by CRLF the next time Git touches it


----------

Sun Nov 03 2024 22:27:43 GMT+0100 (Mitteleuropäische Normalzeit)

warning: in the working copy of 'assets/css/Animated-rainbow-shadow.css', LF will be replaced by CRLF the next time Git touches it


----------

Sun Nov 03 2024 22:27:43 GMT+0100 (Mitteleuropäische Normalzeit)

warning: in the working copy of 'assets/css/Wave-Flow-Animation-1.css', LF will be replaced by CRLF the next time Git touches it


----------

Sun Nov 03 2024 22:27:43 GMT+0100 (Mitteleuropäische Normalzeit)

warning: in the working copy of 'assets/css/Wave-Flow-Animation-2.css', LF will be replaced by CRLF the next time Git touches it


----------

Sun Nov 03 2024 22:27:43 GMT+0100 (Mitteleuropäische Normalzeit)

warning: in the working copy of 'assets/css/Wave-Flow-Animation.css', LF will be replaced by CRLF the next time Git touches it


----------

Sun Nov 03 2024 22:27:43 GMT+0100 (Mitteleuropäische Normalzeit)

warning: in the working copy of 'assets/js/Animated-Type-Heading-BS5-Animated-Type-Heading.js', LF will be replaced by CRLF the next time Git touches it


----------

Sun Nov 03 2024 22:27:43 GMT+0100 (Mitteleuropäische Normalzeit)

warning: in the working copy of 'assets/js/Animated-gradient-background.js', LF will be replaced by CRLF the next time Git touches it


----------

Sun Nov 03 2024 22:27:43 GMT+0100 (Mitteleuropäische Normalzeit)

warning: in the working copy of 'assets/js/bs-init.js', LF will be replaced by CRLF the next time Git touches it


----------

Sun Nov 03 2024 22:27:43 GMT+0100 (Mitteleuropäische Normalzeit)

warning: in the working copy of 'error.log', LF will be replaced by CRLF the next time Git touches it


----------

Sun Nov 03 2024 22:27:43 GMT+0100 (Mitteleuropäische Normalzeit)

warning: in the working copy of 'index.html', LF will be replaced by CRLF the next time Git touches it


----------

Sun Nov 03 2024 22:27:44 GMT+0100 (Mitteleuropäische Normalzeit)

To https://github.com/dennymity/sock
   2cd2c4c..7389244  main -> main


----------

Sat Mar 15 2025 21:22:50 GMT+0100 (Mitteleuropäische Normalzeit)

warning: in the working copy of 'assets/bootstrap/css/bootstrap.min.css', LF will be replaced by CRLF the next time Git touches it


----------

Sat Mar 15 2025 21:22:50 GMT+0100 (Mitteleuropäische Normalzeit)

warning: in the working copy of 'assets/bootstrap/js/bootstrap.min.js', LF will be replaced by CRLF the next time Git touches it


----------

Sat Mar 15 2025 21:22:50 GMT+0100 (Mitteleuropäische Normalzeit)

warning: in the working copy of 'assets/css/Animated-Type-Heading-BS5.css', LF will be replaced by CRLF the next time Git touches it


----------

Sat Mar 15 2025 21:22:50 GMT+0100 (Mitteleuropäische Normalzeit)

warning: in the working copy of 'assets/css/Animated-gradient-background-Animated-gradient-background-1.css', LF will be replaced by CRLF the next time Git touches it


----------

Sat Mar 15 2025 21:22:50 GMT+0100 (Mitteleuropäische Normalzeit)

warning: in the working copy of 'assets/css/Animated-gradient-background-Animated-gradient-background-2.css', LF will be replaced by CRLF the next time Git touches it


----------

Sat Mar 15 2025 21:22:50 GMT+0100 (Mitteleuropäische Normalzeit)

warning: in the working copy of 'assets/css/Animated-gradient-background.css', LF will be replaced by CRLF the next time Git touches it


----------

Sat Mar 15 2025 21:22:50 GMT+0100 (Mitteleuropäische Normalzeit)

warning: in the working copy of 'assets/css/Animated-rainbow-shadow.css', LF will be replaced by CRLF the next time Git touches it


----------

Sat Mar 15 2025 21:22:50 GMT+0100 (Mitteleuropäische Normalzeit)

warning: in the working copy of 'assets/css/Wave-Flow-Animation-1.css', LF will be replaced by CRLF the next time Git touches it


----------

Sat Mar 15 2025 21:22:50 GMT+0100 (Mitteleuropäische Normalzeit)

warning: in the working copy of 'assets/css/Wave-Flow-Animation-2.css', LF will be replaced by CRLF the next time Git touches it


----------

Sat Mar 15 2025 21:22:50 GMT+0100 (Mitteleuropäische Normalzeit)

warning: in the working copy of 'assets/css/Wave-Flow-Animation.css', LF will be replaced by CRLF the next time Git touches it


----------

Sat Mar 15 2025 21:22:50 GMT+0100 (Mitteleuropäische Normalzeit)

warning: in the working copy of 'assets/js/Animated-Type-Heading-BS5-Animated-Type-Heading.js', LF will be replaced by CRLF the next time Git touches it


----------

Sat Mar 15 2025 21:22:50 GMT+0100 (Mitteleuropäische Normalzeit)

warning: in the working copy of 'assets/js/Animated-gradient-background.js', LF will be replaced by CRLF the next time Git touches it


----------

Sat Mar 15 2025 21:22:50 GMT+0100 (Mitteleuropäische Normalzeit)

warning: in the working copy of 'assets/js/bs-init.js', LF will be replaced by CRLF the next time Git touches it


----------

Sat Mar 15 2025 21:22:50 GMT+0100 (Mitteleuropäische Normalzeit)

warning: in the working copy of 'error.log', LF will be replaced by CRLF the next time Git touches it


----------

Sat Mar 15 2025 21:22:50 GMT+0100 (Mitteleuropäische Normalzeit)

warning: in the working copy of 'index.html', LF will be replaced by CRLF the next time Git touches it


----------

Sat Mar 15 2025 21:22:52 GMT+0100 (Mitteleuropäische Normalzeit)

To https://github.com/dennymity/sock
   7389244..7d99cd2  main -> main


----------

Sat Mar 15 2025 22:21:58 GMT+0100 (Mitteleuropäische Normalzeit)

warning: in the working copy of 'assets/bootstrap/css/bootstrap.min.css', LF will be replaced by CRLF the next time Git touches it


----------

Sat Mar 15 2025 22:21:58 GMT+0100 (Mitteleuropäische Normalzeit)

warning: in the working copy of 'assets/bootstrap/js/bootstrap.min.js', LF will be replaced by CRLF the next time Git touches it


----------

Sat Mar 15 2025 22:21:58 GMT+0100 (Mitteleuropäische Normalzeit)

warning: in the working copy of 'assets/css/Animated-Type-Heading-BS5.css', LF will be replaced by CRLF the next time Git touches it


----------

Sat Mar 15 2025 22:21:58 GMT+0100 (Mitteleuropäische Normalzeit)

warning: in the working copy of 'assets/css/Animated-rainbow-shadow.css', LF will be replaced by CRLF the next time Git touches it


----------

Sat Mar 15 2025 22:21:58 GMT+0100 (Mitteleuropäische Normalzeit)

warning: in the working copy of 'assets/js/bs-init.js', LF will be replaced by CRLF the next time Git touches it


----------

Sat Mar 15 2025 22:21:58 GMT+0100 (Mitteleuropäische Normalzeit)

warning: in the working copy of 'error.log', LF will be replaced by CRLF the next time Git touches it


----------

Sat Mar 15 2025 22:21:58 GMT+0100 (Mitteleuropäische Normalzeit)

warning: in the working copy of 'index.html', LF will be replaced by CRLF the next time Git touches it


----------

Sat Mar 15 2025 22:22:01 GMT+0100 (Mitteleuropäische Normalzeit)

To https://github.com/dennymity/sock
   7d99cd2..e7bbb7e  main -> main


